72
74
99
111
134
160
266
289
323
503
514
546
590
657
752
767
793
837
846
938
974
978
1022
1030
1074
1075
1102
1137
1142
1153
1167
1189
1310
1319
1326
1479
1480
1526
1532
1549
1660
1660
1915
1924
1929
1962
2131
2164
2204
2236
2264
2290
2313
2331
2370
2378
2449
2464
2485
2575
2852
2859
2890
2895
2938
2946
2950
2957
2994
3006
3044
3086
3092
3120
3149
3184
3184
3191
3216
3234
3276
3317
3332
3340
3345
3418
3419
3444
3463
3485
3488
3491
3512
3528
3530
3548
3564
3569
3591
3710
3778
3804
3813
3818
3867
3887
3888
3915
3917
3987
4013
4053
4101
4113
4166
4169
4202
4202
4222
4243
4257
4267
4309
4375
4394
4419
4460
4466
4482
4489
4535
4579
4647
4690
4709
4749
4750
4770
4879
4896
4906
4912
4928
4978
4985
5033
5041
5063
5118
5154
5170
5193
5214
5231
5232
5258
5272
5290
5301
5357
5434
5465
5501
5514
5516
5535
5696
5698
5706
5731
5743
5790
5835
5906
5906
5907
5918
5941
6047
6051
6082
6130
6176
6204
6210
6248
6249
6252
6387
6398
6400
6406
6409
6445
6453
6483
6621
6644
6705
6718
6743
6760
6767
6792
6836
6838
6852
6874
6891
6905
6939
6949
6981
6994
7038
7109
7114
7124
7201
7238
7242
7247
7320
7359
7411
7436
7481
7556
7596
7686
7827
7831
7863
7912
7914
8045
8079
8092
8151
8180
8184
8248
8286
8334
8344
8393
8416
8459
8489
8490
8499
8514
8573
8705
8795
8840
8905
8946
8950
8955
8958
9004
9018
9134
9139
9155
9184
9235
9248
9260
9315
9340
9360
9398
9440
9441
9518
9608
9640
9673
9711
9741
9929
9961
9963
10012
10018
10078
10085
10114
10128
10139
10162
10172
10181
10240
10306
10311
10371
10416
10433
10439
10493
10517
10570
10611
10619
10644
10703
10740
10774
10839
10875
10884
10924
10929
10951
10957
11019
11035
11125
11163
11199
11239
11257
11291
11295
11338
11373
11419
11472
11534
11549
11563
11631
11646
11680
11691
11744
11776
11819
11819
11828
11847
11855
11878
11899
12003
12011
12070
12133
12142
12189
12222
12347
12394
12462
12475
12476
12557
12559
12564
12590
12625
12626
12663
12709
12721
12725
12745
12753
12755
12782
12782
12821
12844
12847
12901
12952
12972
12977
13081
13098
13120
13129
13263
13291
13302
13305
13340
13355
13401
13441
13532
13537
13554
13564
13592
13621
13623
13633
13702
13723
13758
13776
13795
13834
13867
13906
13912
13936
13996
14020
14025
14052
14063
14078
14109
14184
14186
14251
14306
14309
14346
14355
14372
14392
14472
14586
14730
14801
14806
14817
14838
14976
15000
15050
15052
15075
15092
15112
15208
15235
15290
15296
15297
15337
15394
15402
15415
15433
15600
15611
15613
15656
15793
15838
15858
15909
15928
15978
16034
16044
16064
16103
16130
16185
16210
16239
16267
16269
16288
16397
16408
16425
16469
16558
16595
16599
16605
16610
16629
16642
16654
16680
16709
16709
16726
16735
16778
16781
16815
16820
16893
16901
16940
16945
16971
17025
17071
17166
17181
17196
17199
17234
17276
17287
17341
17345
17372
17388
17391
17467
17500
17681
17683
17723
17731
17770
17807
17872
17889
17960
18031
18064
18065
18079
18086
18096
18119
18248
18288
18299
18325
18348
18394
18404
18430
18532
18538
18589
18596
18621
18650
18685
18731
18775
18824
18863
18947
18967
18996
19072
19090
19132
19135
19155
19206
19281
19315
19320
19370
19463
19466
19475
19482
19524
19536
19602
19624
19630
19640
19678
19680
19826
19830
19859
19877
19881
19908
19925
19931
19949
19949
19965
19986
20005
20013
20018
20029
20047
20062
20095
20127
20195
20196
20210
20222
20240
20253
20284
20328
20347
20434
20457
20525
20582
20588
20598
20622
20657
20750
20782
20814
20824
20913
21052
21077
21078
21082
21089
21130
21192
21215
21231
21274
21307
21333
21352
21397
21472
21483
21487
21510
21538
21555
21565
21594
21600
21612
21614
21671
21726
21764
21767
21811
21859
21870
21870
21883
21900
21913
22006
22066
22175
22263
22304
22330
22333
22339
22365
22382
22397
22397
22416
22417
22493
22531
22563
22574
22623
22628
22644
22647
22664
22667
22705
22749
22754
22755
22756
22761
22769
22771
22829
22834
22839
22842
22844
22852
22936
22985
23093
23126
23128
23132
23159
23182
23208
23212
23246
23249
23420
23514
23523
23570
23574
23592
23594
23634
23640
23647
23648
23666
23672
23684
23709
23738
23739
23762
23794
23807
23812
23919
23973
23974
23997
24003
24004
24007
24060
24090
24093
24119
24126
24134
24150
24183
24334
24358
24432
24436
24472
24486
24506
24523
24528
24534
24534
24541
24576
24584
24588
24637
24671
24700
24722
24797
24831
24849
24853
24867
24920
24923
24946
24977
25018
25084
25107
25119
25137
25201
25266
25285
25301
25303
25389
25394
25421
25512
25516
25562
25571
25606
25637
25656
25740
25745
25745
25916
26014
26081
26136
26138
26153
26164
26209
26246
26280
26360
26360
26371
26378
26410
26435
26465
26515
26550
26627
26650
26652
26672
26688
26688
26689
26699
26716
26767
26767
26781
26799
26804
26813
26834
26837
26842
26888
26899
26907
26983
27050
27117
27163
27165
27166
27193
27204
27229
27231
27401
27618
27645
27665
27686
27703
27716
27729
27761
27761
27799
27857
27866
27877
27885
27904
27919
27927
27929
27943
27949
27950
27970
27979
28027
28064
28094
28094
28102
28117
28146
28157
28199
28214
28233
28262
28287
28289
28301
28340
28351
28456
28461
28468
28481
28586
28695
28734
28758
28763
28780
28838
28847
28870
28892
28919
28932
28943
28956
28961
29025
29037
29044
29064
29089
29133
29157
29181
29196
29205
29310
29360
29414
29417
29436
29460
29513
29564
29579
29607
29699
29750
29801
29803
29815
29820
29854
29891
29902
29939
29978
30015
30037
30140
30142
30178
30198
30247
30262
30321
30352
30354
30421
30422
30445
30461
30540
30598
30641
30694
30757
30771
30788
30790
30835
30860
30928
31020
31078
31111
31158
31179
31220
31225
31244
31273
31337
31364
31365
31373
31383
31418
31463
31500
31518
31525
31542
31548
31575
31632
31665
31731
31830
31851
31875
31875
31890
31946
31963
31987
32017
32057
32106
32223
32228
32285
32407
32507
32523
32524
32524
32556
32564
32565
32579
32679
