9
12
19
25
27
37
41
43
44
48
51
52
59
63
64
71
71
72
72
72
76
77
78
81
83
93
95
96
97
110
116
117
123
128
132
133
134
145
147
149
150
154
163
168
169
177
179
182
187
188
192
195
204
204
210
211
214
215
219
233
237
238
238
240
256
260
261
263
263
268
281
281
282
287
292
295
297
301
301
302
305
310
310
313
313
316
318
319
320
323
324
335
336
341
344
344
345
350
352
352
354
367
370
373
387
391
399
400
404
408
418
420
421
427
433
439
444
445
451
456
458
460
462
462
463
465
469
471
471
475
477
481
487
489
490
490
495
497
498
499
507
510
511
521
525
527
528
536
538
538
550
554
565
571
574
575
575
577
579
581
583
592
595
600
605
606
606
608
609
623
628
633
638
640
645
649
658
674
676
681
683
684
687
688
691
692
693
696
702
708
710
713
716
717
718
725
725
728
740
744
750
752
754
763
770
773
778
782
789
791
792
797
799
802
808
814
819
819
822
837
837
838
839
840
843
844
846
847
857
858
860
866
867
868
868
876
877
880
889
899
911
912
914
915
917
918
920
921
922
923
927
927
929
931
931
931
933
934
939
940
941
942
944
947
955
959
960
962
962
967
968
970
973
974
975
976
978
986
987
989
994
1003
1004
1005
1008
1019
1022
1023
1029
1032
1037
1043
1043
1043
1045
1052
1053
1056
1058
1066
1068
1069
1070
1077
1082
1083
1088
1097
1104
1108
1109
1116
1121
1126
1128
1130
1136
1137
1138
1144
1145
1146
1149
1150
1152
1154
1155
1155
1160
1161
1165
1165
1170
1170
1173
1176
1177
1177
1180
1187
1188
1193
1197
1199
1201
1208
1210
1217
1229
1230
1231
1236
1238
1243
1246
1246
1248
1248
1253
1257
1258
1263
1277
1280
1282
1286
1288
1290
1301
1307
1318
1319
1324
1325
1327
1327
1328
1329
1333
1336
1338
1343
1345
1346
1346
1346
1349
1350
1354
1365
1366
1368
1371
1373
1376
1378
1379
1381
1389
1391
1392
1397
1400
1402
1408
1409
1410
1412
1415
1417
1417
1419
1424
1426
1426
1433
1436
1438
1440
1445
1447
1449
1449
1451
1455
1473
1474
1474
1477
1483
1486
1488
1490
1493
1495
1500
1504
1507
1511
1513
1515
1517
1518
1519
1521
1523
1524
1525
1526
1526
1527
1529
1532
1533
1538
1538
1538
1539
1541
1542
1546
1548
1549
1551
1553
1554
1557
1558
1561
1564
1569
1576
1577
1580
1580
1582
1585
1588
1594
1594
1595
1596
1596
1596
1597
1599
1604
1610
1612
1613
1616
1620
1622
1622
1623
1624
1624
1629
1643
1653
1663
1668
1669
1673
1674
1675
1676
1692
1692
1693
1693
1695
1695
1696
1696
1699
1699
1700
1702
1710
1713
1714
1715
1716
1723
1726
1731
1733
1740
1743
1744
1745
1758
1759
1760
1763
1766
1766
1769
1771
1772
1776
1780
1784
1788
1792
1793
1797
1803
1807
1810
1813
1824
1824
1825
1828
1830
1839
1841
1844
1844
1849
1852
1858
1868
1874
1875
1876
1885
1889
1889
1890
1890
1895
1896
1905
1906
1908
1915
1919
1920
1921
1921
1927
1928
1928
1931
1935
1935
1936
1936
1938
1939
1940
1941
1941
1942
1944
1952
1953
1957
1958
1960
1960
1962
1962
1963
1964
1969
1974
1980
1986
1987
1990
2000
2005
2011
2013
2016
2018
2031
2031
2031
2036
2042
2055
2063
2071
2072
2078
2083
2085
2090
2090
2091
2092
2093
2093
2100
2100
2111
2118
2119
2127
2127
2127
2129
2129
2131
2132
2133
2140
2141
2143
2146
2147
2149
2162
2162
2165
2166
2166
2167
2170
2187
2189
2190
2196
2209
2213
2214
2217
2217
2217
2231
2232
2235
2238
2239
2240
2242
2245
2249
2253
2253
2255
2258
2259
2260
2262
2266
2272
2275
2275
2277
2282
2288
2292
2294
2294
2295
2300
2307
2312
2313
2313
2316
2320
2321
2322
2326
2332
2340
2343
2343
2348
2356
2361
2362
2367
2368
2372
2372
2374
2378
2380
2381
2383
2387
2396
2397
2400
2402
2402
2405
2406
2407
2409
2412
2413
2413
2415
2417
2425
2425
2433
2436
2438
2441
2445
2447
2448
2448
2463
2464
2465
2472
2472
2473
2477
2484
2485
2486
2487
2488
2491
2496
2496
2505
2514
2522
2525
2527
2529
2530
2530
2530
2531
2532
2533
2535
2542
2544
2546
2548
2550
2551
2552
2556
2563
2564
2566
2574
2574
2576
2581
2583
2584
2587
2589
2590
2592
2594
2597
2605
2606
2609
2610
2617
2621
2621
2621
2631
2631
2639
2646
2649
2651
2652
2653
2662
2662
2664
2677
2684
2689
2690
2690
2694
2696
2704
2711
2712
2712
2712
2719
2721
2721
2727
2731
2734
2749
2750
2756
2760
2761
2762
2767
2767
2769
2771
2775
2778
2780
2783
2787
2794
2796
2799
2803
2803
2804
2805
2806
2807
2807
2808
2810
2813
2816
2822
2831
2834
2835
2838
2839
2840
2842
2851
2854
2855
2857
2860
2861
2862
2865
2874
2876
2881
2882
2885
2888
2894
2896
2899
2899
2911
2912
2913
2916
2918
2918
2919
2920
2922
2929
2930
2937
2947
2948
2955
2956
2961
2962
2964
2973
2975
2978
2982
2990
3001
3005
3006
3012
3015
3025
3027
3028
3032
3032
3034
3034
3035
3035
3036
3038
3038
3042
3052
3052
3054
3075
3081
3086
3087
3091
3094
3094
3101
3110
3113
3115
3117
3118
3122
3126
3129
3133
3137
3142
3146
3146
3152
3154
3158
3178
3180
3181
3185
3187
3192
3194
3194
3201
3206
3209
3209
3216
3218
3220
3226
3229
3231
3233
3233
3236
3236
3237
3240
3250
3251
3251
3254
3256
3257
3261
3263
3266
3271
3274
3276
3277
3278
3280
3282
3286
3298
3301
3302
3304
3310
3313
3315
3316
3319
3324
3330
3335
3336
3338
3340
3350
3355
3358
3358
3364
3367
3373
3374
3375
3377
3380
3383
3383
3383
3386
3388
3389
3390
3391
3401
3408
3409
3410
3414
3415
3416
3419
3420
3435
3436
3442
3442
3445
3450
3450
3450
3452
3455
3456
3458
3466
3470
3471
3473
3473
3474
3475
3477
3479
3480
3484
3487
3497
3498
3498
3501
3508
3510
3526
3527
3530
3532
3534
3536
3537
3537
3537
3542
3545
3551
3556
3561
3563
3565
3571
3574
3578
3580
3580
3585
3586
3586
3590
3591
3594
3597
3597
3602
3613
3613
3615
3625
3628
3631
3632
3633
3634
3634
3635
3637
3637
3641
3641
3642
3644
3647
3653
3655
3655
3658
3658
3659
3668
3671
3672
3673
3675
3680
3680
3680
3681
3682
3682
3684
3685
3693
3695
3701
3712
3717
3722
3731
3731
3736
3738
3745
3746
3746
3747
3747
3747
3748
3750
3760
3766
3769
3774
3776
3776
3780
3784
3785
3786
3788
3788
3792
3807
3807
3807
3812
3812
3818
3823
3839
3843
3843
3848
3856
3857
3867
3869
3871
3875
3879
3883
3884
3891
3892
3896
3896
3897
3900
3910
3912
3912
3914
3916
3920
3926
3946
3954
3958
3958
3959
3959
3968
3970
3971
3974
3975
3976
3982
3983
3984
3986
3989
3991
4001
4002
4004
4005
4005
4016
4021
4021
4025
4027
4029
4030
4031
4031
4032
4032
4033
4033
4044
4044
4046
4046
4052
4057
4060
4066
4075
4077
4081
4081
4082
4085
4086
4087
4088
4093
4094
4097
4097
4102
4107
4107
4108
4111
4119
4128
4131
4135
4136
4142
4143
4144
4149
4154
4156
4156
4161
4162
4163
4168
4168
4169
4175
4184
4188
4191
4193
4198
4201
4202
4203
4207
4210
4212
4221
4225
4228
4232
4234
4239
4244
4245
4247
4255
4257
4260
4264
4267
4268
4269
4277
4285
4286
4288
4289
4293
4293
4301
4301
4302
4308
4320
4329
4330
4333
4335
4343
4346
4347
4348
4350
4352
4353
4364
4365
4365
4369
4371
4380
4382
4383
4388
4392
4396
4401
4401
4404
4405
4407
4411
4413
4414
4418
4424
4425
4426
4427
4434
4436
4438
4448
4456
4456
4458
4458
4460
4461
4465
4466
4467
4471
4471
4484
4486
4489
4492
4492
4497
4497
4499
4503
4506
4509
4520
4527
4532
4537
4539
4543
4544
4545
4551
4558
4560
4564
4567
4573
4574
4578
4584
4589
4590
4593
4596
4599
4607
4608
4609
4612
4612
4617
4618
4619
4624
4624
4634
4636
4642
4648
4651
4651
4656
4658
4659
4664
4668
4674
4679
4681
4682
4684
4685
4685
4698
4699
4701
4701
4702
4705
4717
4722
4723
4724
4726
4738
4744
4748
4749
4751
4752
4757
4762
4765
4765
4772
4774
4780
4782
4783
4785
4789
4796
4797
4797
4798
4809
4811
4816
4830
4832
4836
4838
4842
4845
4847
4848
4849
4851
4853
4865
4870
4881
4884
4893
4893
4896
4897
4897
4904
4906
4907
4909
4912
4920
4921
4927
4934
4936
4939
4951
4958
4965
4966
4972
4974
4983
4984
4986
4987
4989
4989
4995
4996
4999
4999
5001
5001
5008
5013
5017
5020
5024
5028
5034
5039
5042
5057
5058
5058
5058
5064
5065
5066
5076
5078
5082
5098
5100
5102
5106
5109
5110
5112
5114
5116
5119
5121
5123
5124
5125
5131
5143
5144
5146
5147
5149
5149
5152
5154
5156
5159
5170
5170
5174
5178
5183
5184
5185
5186
5189
5190
5192
5193
5193
5196
5206
5206
5211
5214
5214
5217
5221
5221
5222
5223
5228
5229
5241
5243
5243
5248
5249
5252
5254
5254
5257
5260
5261
5266
5270
5271
5274
5276
5289
5289
5292
5293
5294
5300
5306
5316
5316
5318
5320
5321
5322
5323
5339
5343
5347
5363
5363
5369
5372
5373
5375
5382
5386
5387
5393
5393
5396
5409
5413
5414
5423
5425
5426
5431
5436
5439
5446
5455
5464
5466
5467
5468
5468
5470
5471
5472
5475
5476
5480
5482
5484
5486
5488
5489
5491
5501
5508
5515
5516
5520
5527
5529
5529
5534
5535
5538
5543
5546
5552
5552
5557
5560
5564
5565
5566
5577
5580
5580
5582
5587
5590
5592
5593
5599
5600
5605
5606
5615
5616
5616
5618
5619
5623
5628
5630
5631
5634
5637
5639
5641
5647
5647
5651
5653
5658
5660
5662
5665
5668
5668
5673
5673
5675
5680
5682
5688
5692
5693
5696
5696
5700
5704
5705
5706
5706
5707
5708
5708
5709
5715
5721
5723
5728
5744
5745
5745
5750
5750
5751
5752
5754
5756
5759
5764
5766
5768
5774
5774
5778
5780
5789
5790
5798
5800
5805
5819
5824
5825
5829
5831
5834
5840
5851
5856
5856
5856
5856
5868
5872
5872
5879
5882
5895
5895
5899
5899
5906
5910
5913
5913
5916
5920
5925
5926
5928
5930
5931
5932
5932
5933
5935
5937
5946
5949
5950
5952
5957
5960
5964
5965
5966
5979
5981
5982
5985
5986
5990
5992
5996
5998
5998
6003
6006
6006
6006
6007
6009
6009
6010
6011
6012
6015
6021
6021
6022
6026
6029
6029
6031
6031
6032
6032
6034
6040
6041
6041
6061
6064
6070
6080
6081
6085
6086
6090
6094
6109
6111
6116
6124
6126
6126
6128
6132
6135
6142
6143
6143
6150
6154
6157
6164
6167
6168
6170
6172
6173
6173
6176
6177
6178
6178
6179
6184
6184
6191
6197
6199
6202
6206
6207
6207
6209
6210
6215
6218
6225
6226
6226
6235
6241
6242
6251
6256
6257
6258
6264
6272
6276
6278
6279
6280
6289
6291
6294
6294
6296
6297
6302
6306
6311
6315
6322
6324
6329
6332
6336
6336
6337
6341
6342
6359
6361
6362
6362
6368
6373
6373
6374
6386
6387
6387
6388
6390
6390
6394
6396
6407
6407
6410
6411
6411
6412
6415
6416
6426
6426
6432
6433
6434
6436
6437
6442
6443
6444
6450
6456
6461
6466
6471
6472
6480
6485
6486
6486
6489
6491
6492
6494
6494
6496
6497
6498
6502
6512
6520
6531
6531
6532
6532
6532
6535
6538
6549
6550
6550
6555
6561
6563
6566
6567
6570
6570
6575
6577
6577
6585
6587
6589
6589
6590
6596
6598
6600
6613
6615
6615
6615
6625
6636
6638
6647
6648
6649
6654
6656
6656
6660
6663
6664
6671
6672
6672
6674
6676
6679
6679
6686
6687
6690
6690
6693
6695
6695
6696
6698
6702
6702
6708
6711
6711
6722
6723
6726
6727
6729
6736
6737
6740
6743
6746
6750
6752
6753
6757
6764
6766
6766
6769
6771
6772
6779
6781
6781
6786
6791
6798
6798
6804
6804
6809
6812
6813
6819
6822
6823
6827
6829
6831
6833
6839
6849
6849
6851
6852
6852
6855
6858
6859
6861
6865
6883
6884
6885
6885
6886
6886
6887
6888
6898
6899
6907
6909
6915
6915
6919
6920
6920
6921
6922
6923
6937
6938
6944
6945
6951
6957
6957
6961
6965
6965
6965
6968
6968
6968
6970
6972
6973
6975
6975
6976
6978
6982
6984
6986
6987
6988
6996
6997
7002
7010
7011
7028
7028
7033
7034
7038
7043
7052
7053
7060
7065
7066
7067
7067
7069
7073
7074
7074
7077
7079
7080
7081
7082
7084
7085
7085
7088
7104
7110
7116
7117
7119
7134
7134
7136
7140
7142
7142
7143
7146
7148
7153
7154
7158
7159
7164
7167
7167
7171
7171
7173
7175
7177
7187
7192
7195
7196
7198
7199
7200
7202
7203
7204
7208
7220
7221
7222
7231
7235
7237
7240
7244
7248
7276
7283
7287
7287
7288
7294
7302
7304
7311
7312
7313
7323
7325
7327
7334
7335
7335
7337
7342
7346
7350
7360
7360
7362
7366
7379
7383
7389
7393
7396
7396
7398
7405
7407
7409
7410
7421
7423
7425
7437
7444
7445
7450
7456
7458
7462
7463
7466
7468
7469
7469
7469
7469
7471
7472
7473
7475
7476
7492
7493
7496
7499
7502
7502
7503
7503
7504
7509
7511
7512
7514
7514
7517
7518
7520
7523
7524
7526
7528
7531
7531
7534
7539
7540
7543
7545
7550
7551
7551
7562
7564
7565
7569
7571
7571
7586
7587
7588
7590
7593
7594
7596
7599
7600
7601
7607
7608
7615
7619
7619
7625
7626
7626
7627
7629
7631
7634
7635
7641
7642
7643
7645
7646
7649
7652
7655
7659
7664
7669
7680
7685
7686
7699
7704
7710
7711
7711
7712
7718
7722
7722
7724
7727
7736
7737
7742
7743
7746
7748
7764
7766
7767
7768
7768
7771
7776
7781
7784
7785
7786
7787
7793
7793
7797
7798
7807
7808
7817
7822
7827
7828
7830
7831
7831
7836
7836
7839
7840
7840
7843
7845
7847
7855
7864
7866
7871
7879
7880
7881
7887
7888
7889
7889
7890
7893
7895
7899
7902
7905
7912
7914
7921
7930
7936
7954
7956
7959
7959
7962
7963
7963
7969
7974
7975
7975
7977
7979
7983
7983
7987
7989
7989
7990
7997
8000
8006
8008
8009
8010
8011
8013
8018
8018
8021
8021
8027
8036
8036
8037
8037
8044
8044
8046
8051
8052
8059
8063
8063
8071
8072
8074
8078
8081
8082
8089
8091
8096
8114
8114
8115
8123
8124
8129
8130
8131
8132
8146
8153
8161
8165
8173
8173
8175
8175
8181
8182
8183
8184
8186
8186
8189
8191
8196
8199
8201
8203
8211
8213
8215
8218
8218
8218
8220
8224
8241
8242
8247
8251
8252
8255
8256
8257
8259
8261
8268
8284
8290
8290
8291
8294
8299
8302
8305
8308
8313
8316
8326
8327
8332
8333
8335
8341
8343
8343
8343
8343
8345
8352
8353
8354
8356
8356
8357
8357
8359
8362
8367
8371
8378
8390
8391
8394
8404
8408
8408
8411
8417
8419
8420
8425
8426
8430
8430
8437
8437
8437
8437
8444
8449
8449
8450
8453
8455
8456
8457
8465
8465
8466
8467
8469
8469
8470
8471
8477
8477
8479
8479
8481
8487
8487
8490
8492
8494
8503
8503
8510
8513
8517
8518
8518
8519
8526
8529
8531
8532
8533
8535
8540
8541
8542
8549
8554
8558
8565
8570
8575
8578
8580
8583
8585
8587
8588
8589
8589
8590
8591
8594
8595
8604
8608
8610
8613
8621
8629
8637
8651
8657
8667
8668
8668
8671
8672
8673
8679
8679
8680
8696
8697
8699
8700
8704
8707
8708
8708
8708
8708
8715
8717
8724
8726
8727
8728
8728
8732
8735
8741
8750
8750
8764
8768
8777
8778
8781
8783
8784
8787
8787
8791
8796
8802
8802
8805
8806
8806
8820
8821
8825
8832
8843
8844
8845
8846
8850
8853
8857
8858
8859
8860
8862
8867
8870
8872
8873
8875
8877
8879
8885
8888
8889
8889
8892
8895
8896
8896
8897
8898
8904
8906
8919
8922
8924
8929
8931
8934
8936
8941
8942
8944
8950
8953
8953
8956
8959
8960
8963
8964
8966
8966
8978
8979
8979
8981
8981
8988
8995
9005
9010
9016
9020
9021
9032
9036
9037
9037
9045
9045
9048
9053
9055
9057
9060
9061
9063
9068
9069
9070
9071
9076
9076
9078
9079
9082
9086
9092
9106
9108
9110
9112
9118
9119
9123
9125
9126
9134
9136
9136
9140
9143
9149
9152
9153
9155
9156
9159
9160
9161
9162
9163
9164
9167
9168
9174
9176
9176
9179
9183
9190
9193
9196
9202
9205
9205
9214
9230
9232
9233
9234
9238
9239
9242
9242
9245
9247
9252
9253
9257
9258
9261
9264
9266
9271
9271
9272
9272
9273
9273
9283
9285
9289
9292
9298
9300
9302
9303
9304
9313
9316
9318
9321
9327
9328
9333
9336
9338
9339
9342
9344
9345
9351
9354
9355
9358
9358
9358
9360
9362
9367
9367
9374
9377
9381
9390
9395
9397
9398
9401
9409
9415
9416
9418
9424
9425
9426
9426
9429
9431
9432
9433
9435
9437
9437
9442
9443
9444
9446
9448
9453
9460
9462
9474
9477
9480
9485
9487
9488
9489
9492
9493
9494
9500
9504
9505
9508
9513
9514
9514
9517
9518
9521
9526
9529
9532
9538
9539
9550
9553
9558
9558
9574
9578
9581
9585
9590
9604
9609
9614
9624
9633
9639
9643
9644
9648
9649
9653
9654
9657
9663
9664
9665
9666
9667
9672
9672
9676
9677
9680
9688
9690
9693
9697
9698
9700
9702
9713
9714
9717
9718
9718
9722
9729
9732
9734
9737
9738
9740
9742
9744
9744
9745
9754
9757
9757
9762
9764
9765
9767
9770
9776
9779
9779
9783
9784
9789
9794
9796
9797
9804
9808
9811
9811
9813
9814
9817
9821
9822
9822
9824
9827
9830
9830
9836
9840
9845
9845
9845
9849
9851
9853
9854
9858
9863
9864
9876
9880
9891
9899
9910
9913
9915
9920
9920
9933
9937
9939
9941
9950
9962
9962
9964
9966
9967
9968
9969
9974
9974
9979
9985
9991
9992
9999
10001
10005
10005
10022
10024
10028
10035
10041
10041
10043
10045
10047
10047
10050
10050
10054
10054
10056
10060
10066
10066
10070
10073
10082
10085
10085
10085
10089
10089
10093
10094
10096
10099
10101
10102
10102
10106
10106
10107
10108
10110
10112
10113
10113
10114
10116
10116
10118
10121
10122
10137
10142
10143
10144
10151
10152
10153
10155
10155
10155
10162
10166
10168
10170
10174
10175
10176
10180
10182
10185
10187
10187
10193
10197
10198
10202
10212
10212
10216
10217
10222
10245
10246
10255
10257
10258
10259
10260
10264
10266
10267
10267
10270
10273
10273
10274
10274
10275
10275
10277
10278
10279
10281
10285
10285
10293
10297
10300
10301
10302
10308
10312
10313
10325
10325
10327
10328
10328
10329
10339
10363
10364
10379
10379
10383
10385
10386
10400
10403
10411
10412
10415
10415
10419
10432
10440
10447
10448
10449
10451
10453
10454
10457
10462
10463
10475
10482
10482
10485
10486
10488
10497
10502
10505
10505
10509
10513
10515
10519
10521
10522
10523
10524
10526
10529
10529
10531
10532
10534
10537
10538
10539
10542
10544
10546
10546
10550
10552
10553
10554
10555
10561
10561
10572
10573
10573
10574
10576
10579
10582
10584
10593
10597
10603
10605
10616
10622
10631
10640
10642
10649
10657
10661
10663
10664
10674
10675
10681
10686
10686
10698
10699
10702
10703
10705
10721
10729
10729
10730
10730
10732
10733
10734
10737
10738
10742
10745
10745
10745
10749
10754
10755
10756
10757
10758
10761
10762
10762
10767
10776
10781
10783
10785
10787
10794
10797
10799
10805
10806
10811
10812
10822
10827
10829
10830
10830
10835
10843
10844
10844
10845
10845
10846
10846
10848
10850
10852
10853
10854
10858
10858
10859
10864
10865
10866
10867
10868
10875
10880
10891
10892
10900
10901
10903
10904
10905
10913
10915
10920
10924
10928
10929
10933
10933
10935
10935
10938
10944
10952
10957
10963
10965
10975
10979
10981
10982
10985
10999
11007
11016
11020
11022
11024
11025
11026
11032
11036
11040
11052
11054
11057
11062
11063
11063
11065
11066
11077
11084
11092
11095
11096
11105
11106
11108
11116
11118
11119
11119
11121
11137
11141
11145
11146
11151
11152
11164
11165
11168
11169
11172
11173
11175
11177
11179
11188
11192
11195
11198
11201
11205
11211
11218
11221
11225
11227
11230
11230
11230
11234
11236
11240
11241
11253
11255
11257
11259
11264
11266
11268
11269
11276
11277
11279
11281
11283
11283
11284
11291
11292
11306
11307
11310
11310
11311
11314
11319
11321
11327
11327
11328
11331
11338
11348
11348
11350
11359
11360
11360
11362
11364
11367
11374
11379
11381
11384
11391
11394
11397
11401
11402
11402
11407
11408
11409
11413
11414
11416
11417
11422
11424
11426
11427
11430
11431
11440
11440
11445
11447
11448
11454
11458
11461
11465
11475
11476
11481
11484
11485
11494
11495
11498
11500
11502
11508
11508
11525
11525
11526
11531
11544
11556
11559
11568
11575
11575
11577
11579
11579
11585
11588
11589
11589
11591
11593
11593
11593
11598
11599
11600
11605
11606
11606
11611
11612
11612
11612
11613
11618
11619
11619
11623
11624
11625
11626
11628
11636
11645
11646
11649
11649
11649
11659
11662
11663
11667
11670
11674
11680
11686
11687
11696
11697
11699
11708
11711
11715
11716
11718
11726
11728
11740
11749
11750
11752
11754
11756
11759
11763
11770
11782
11784
11784
11802
11802
11807
11807
11818
11819
11824
11826
11829
11832
11836
11836
11839
11839
11840
11842
11846
11854
11856
11860
11862
11863
11864
11865
11868
11870
11871
11875
11880
11880
11890
11892
11897
11899
11900
11907
11908
11915
11919
11920
11924
11926
11927
11930
11931
11936
11937
11938
11941
11942
11943
11943
11946
11947
11947
11952
11954
11957
11962
11962
11978
11986
11993
11994
11997
12003
12011
12014
12015
12015
12016
12018
12018
12025
12031
12038
12046
12050
12050
12060
12061
12061
12067
12067
12074
12074
12085
12093
12095
12097
12099
12101
12111
12112
12121
12122
12122
12123
12126
12131
12140
12140
12144
12144
12159
12172
12174
12184
12185
12187
12189
12189
12192
12194
12197
12204
12207
12209
12212
12218
12220
12221
12223
12225
12230
12230
12237
12242
12254
12254
12259
12266
12268
12270
12276
12276
12290
12295
12298
12299
12299
12301
12306
12308
12312
12314
12316
12318
12320
12327
12327
12327
12331
12334
12336
12344
12351
12351
12361
12372
12374
12375
12377
12382
12384
12384
12395
12396
12398
12399
12402
12409
12409
12411
12411
12411
12411
12415
12415
12419
12420
12423
12425
12430
12430
12431
12433
12440
12448
12452
12456
12456
12457
12457
12458
12459
12460
12470
12480
12484
12486
12488
12502
12504
12506
12513
12515
12518
12520
12522
12523
12524
12524
12528
12539
12541
12543
12546
12549
12550
12552
12553
12557
12560
12563
12570
12571
12573
12573
12573
12574
12578
12589
12591
12596
12600
12603
12608
12617
12623
12625
12626
12626
12629
12637
12638
12640
12641
12647
12648
12650
12650
12651
12651
12654
12661
12666
12669
12674
12674
12680
12684
12684
12685
12689
12706
12707
12708
12708
12712
12714
12716
12723
12729
12733
12739
12739
12744
12744
12753
12754
12756
12761
12761
12762
12764
12765
12766
12768
12770
12772
12774
12779
12781
12797
12799
12799
12799
12800
12811
12813
12814
12821
12826
12831
12840
12847
12847
12848
12851
12851
12852
12853
12861
12865
12868
12868
12874
12874
12877
12881
12886
12893
12893
12893
12902
12905
12907
12908
12908
12909
12910
12911
12914
12914
12917
12918
12918
12921
12922
12926
12930
12937
12942
12943
12944
12955
12955
12955
12965
12967
12968
12970
12972
12979
12981
12982
12983
12994
12994
13004
13009
13009
13016
13018
13018
13020
13020
13022
13027
13028
13030
13039
13040
13040
13041
13042
13043
13044
13045
13047
13053
13054
13063
13063
13077
13080
13080
13083
13083
13085
13093
13093
13094
13095
13096
13099
13100
13101
13101
13102
13104
13105
13109
13109
13110
13111
13111
13111
13117
13117
13125
13125
13127
13130
13133
13134
13135
13137
13143
13145
13147
13148
13154
13154
13159
13171
13172
13174
13174
13177
13179
13184
13185
13186
13198
13200
13201
13206
13206
13208
13215
13216
13218
13218
13226
13227
13232
13236
13238
13240
13241
13247
13252
13257
13268
13271
13272
13279
13284
13289
13291
13293
13293
13298
13300
13300
13303
13303
13306
13306
13311
13311
13320
13322
13324
13328
13329
13330
13330
13332
13333
13335
13342
13344
13348
13349
13351
13352
13362
13366
13366
13366
13367
13369
13376
13377
13385
13389
13389
13400
13401
13405
13410
13414
13416
13422
13424
13424
13426
13437
13438
13441
13445
13446
13449
13449
13460
13465
13467
13471
13477
13481
13483
13486
13492
13494
13498
13501
13515
13516
13519
13524
13526
13530
13531
13532
13542
13543
13543
13547
13549
13549
13550
13558
13559
13561
13569
13571
13576
13577
13579
13582
13585
13588
13598
13602
13609
13609
13610
13620
13622
13625
13631
13632
13633
13637
13641
13645
13646
13650
13652
13656
13656
13658
13658
13664
13668
13673
13674
13679
13685
13695
13699
13700
13705
13713
13715
13716
13716
13720
13725
13725
13733
13736
13736
13744
13746
13747
13748
13749
13752
13752
13753
13761
13763
13765
13765
13772
13778
13779
13787
13789
13791
13799
13800
13800
13800
13808
13812
13812
13815
13816
13821
13824
13825
13826
13828
13835
13836
13836
13837
13838
13841
13841
13843
13847
13849
13857
13870
13883
13890
13890
13891
13894
13895
13895
13898
13904
13905
13907
13908
13909
13911
13913
13914
13935
13948
13955
13956
13957
13958
13962
13962
13966
13967
13973
13974
13977
13980
13982
13984
13985
13986
13986
13996
14003
14014
14020
14024
14029
14031
14032
14036
14037
14040
14040
14040
14044
14044
14046
14046
14051
14051
14051
14052
14058
14063
14064
14065
14070
14071
14073
14074
14080
14086
14092
14093
14101
14105
14105
14105
14106
14114
14115
14119
14122
14124
14129
14130
14131
14131
14144
14146
14149
14153
14159
14161
14164
14169
14171
14180
14181
14182
14188
14190
14193
14193
14198
14201
14202
14210
14223
14227
14230
14232
14235
14236
14238
14238
14247
14249
14250
14255
14259
14260
14261
14264
14266
14266
14272
14273
14274
14277
14286
14296
14296
14297
14298
14299
14303
14305
14309
14314
14319
14321
14332
14340
14344
14345
14346
14346
14354
14355
14357
14359
14360
14362
14366
14367
14368
14371
14376
14381
14386
14388
14390
14391
14391
14400
14401
14402
14405
14406
14413
14414
14417
14417
14421
14422
14422
14426
14427
14430
14430
14433
14441
14452
14455
14462
14462
14463
14466
14466
14467
14469
14469
14469
14477
14488
14489
14490
14490
14497
14500
14504
14511
14513
14522
14522
14522
14524
14524
14527
14529
14529
14534
14535
14535
14536
14537
14540
14547
14548
14549
14550
14553
14556
14558
14562
14567
14570
14571
14577
14577
14579
14579
14580
14587
14587
14588
14589
14589
14595
14597
14598
14605
14609
14611
14615
14617
14619
14628
14630
14640
14643
14643
14643
14649
14651
14658
14672
14687
14695
14697
14699
14702
14710
14713
14716
14720
14721
14722
14724
14725
14726
14730
14732
14733
14736
14737
14739
14741
14742
14745
14745
14746
14748
14750
14752
14754
14762
14764
14766
14767
14772
14773
14777
14778
14778
14780
14786
14789
14790
14791
14792
14793
14797
14804
14806
14811
14812
14817
14817
14819
14820
14828
14829
14830
14835
14843
14849
14849
14850
14850
14854
14854
14854
14858
14859
14859
14872
14877
14880
14883
14908
14922
14924
14930
14931
14933
14935
14940
14949
14950
14951
14952
14952
14954
14954
14958
14959
14960
14962
14963
14966
14969
14970
14971
14973
14974
14981
14984
14988
15004
15004
15008
15026
15026
15039
15050
15051
15055
15059
15066
15068
15075
15083
15086
15086
15087
15091
15093
15096
15098
15099
15100
15107
15107
15112
15113
15115
15118
15120
15122
15125
15126
15129
15131
15132
15132
15134
15135
15140
15141
15159
15161
15163
15164
15167
15176
15176
15177
15177
15178
15180
15180
15182
15186
15187
15191
15193
15203
15203
15210
15216
15216
15218
15220
15227
15228
15231
15232
15234
15244
15245
15247
15248
15249
15260
15263
15264
15269
15276
15278
15278
15279
15279
15284
15286
15292
15293
15301
15301
15302
15303
15305
15310
15310
15315
15318
15324
15327
15328
15328
15331
15332
15334
15338
15340
15345
15351
15356
15357
15374
15381
15390
15394
15394
15395
15396
15398
15402
15404
15405
15406
15409
15413
15413
15415
15419
15422
15424
15428
15429
15432
15435
15439
15439
15442
15447
15450
15452
15458
15458
15459
15461
15463
15468
15468
15469
15470
15474
15476
15479
15484
15486
15494
15494
15495
15497
15501
15508
15508
15512
15521
15537
15541
15541
15542
15545
15549
15550
15552
15557
15559
15559
15560
15571
15572
15572
15575
15584
15585
15597
15605
15606
15609
15619
15619
15619
15630
15632
15633
15646
15651
15651
15656
15658
15658
15678
15679
15684
15686
15686
15686
15687
15689
15690
15710
15711
15717
15720
15722
15728
15732
15744
15745
15750
15756
15758
15761
15763
15766
15766
15782
15785
15788
15795
15795
15799
15809
15816
15821
15829
15832
15837
15837
15844
15850
15851
15856
15862
15863
15867
15871
15872
15883
15885
15887
15890
15891
15892
15898
15905
15906
15912
15913
15919
15920
15923
15930
15933
15936
15939
15939
15946
15952
15957
15958
15959
15960
15964
15965
15968
15969
15977
15979
15981
15990
15997
15999
16000
16002
16003
16003
16004
16005
16016
16023
16024
16025
16029
16030
16036
16038
16042
16043
16047
16057
16065
16066
16067
16069
16077
16079
16087
16093
16093
16097
16099
16107
16111
16116
16123
16123
16126
16126
16130
16134
16135
16139
16139
16141
16142
16146
16146
16150
16150
16161
16161
16162
16163
16165
16168
16173
16179
16182
16183
16184
16187
16188
16189
16190
16192
16194
16198
16199
16200
16202
16203
16204
16207
16208
16216
16216
16218
16219
16220
16221
16224
16225
16226
16226
16228
16232
16235
16235
16238
16242
16245
16249
16258
16262
16264
16266
16268
16270
16271
16272
16273
16277
16280
16282
16284
16292
16292
16294
16300
16304
16311
16315
16316
16316
16317
16319
16321
16327
16328
16332
16345
16345
16355
16357
16364
16366
16368
16370
16372
16377
16378
16379
16384
16385
16387
16387
16389
16390
16391
16392
16399
16402
16407
16407
16417
16418
16434
16434
16435
16437
16444
16447
16458
16459
16465
16466
16467
16470
16470
16470
16474
16474
16475
16481
16482
16482
16483
16495
16500
16504
16506
16506
16511
16516
16520
16520
16521
16523
16533
16540
16544
16544
16546
16549
16551
16551
16556
16556
16559
16563
16568
16569
16570
16571
16574
16574
16575
16575
16575
16577
16583
16586
16588
16589
16592
16597
16606
16606
16606
16609
16613
16624
16626
16633
16634
16636
16637
16641
16651
16653
16659
16662
16663
16666
16668
16675
16680
16682
16684
16689
16690
16698
16699
16702
16709
16710
16717
16722
16722
16724
16725
16749
16753
16754
16754
16754
16755
16756
16756
16762
16765
16774
16775
16775
16776
16776
16778
16779
16789
16790
16799
16804
16804
16804
16806
16813
16814
16818
16819
16822
16824
16834
16834
16842
16845
16850
16859
16865
16865
16867
16872
16876
16877
16889
16897
16902
16909
16911
16913
16916
16918
16918
16920
16925
16928
16928
16935
16935
16942
16948
16949
16949
16950
16953
16955
16957
16961
16963
16969
16971
16973
16973
16979
16980
16980
16981
16989
16992
16996
16997
16999
17004
17006
17007
17010
17011
17023
17031
17033
17035
17040
17044
17048
17052
17054
17057
17058
17059
17060
17063
17070
17071
17072
17075
17076
17079
17081
17083
17083
17091
17098
17105
17107
17111
17111
17118
17121
17124
17126
17128
17131
17132
17137
17145
17147
17147
17156
17159
17159
17165
17169
17174
17184
17188
17188
17194
17205
17214
17214
17220
17221
17226
17229
17233
17237
17239
17242
17248
17250
17251
17253
17256
17258
17260
17262
17292
17296
17298
17308
17309
17310
17322
17326
17331
17331
17332
17336
17338
17345
17346
17349
17351
17357
17362
17362
17368
17373
17373
17378
17379
17381
17383
17384
17388
17388
17398
17399
17400
17404
17416
17422
17423
17426
17426
17438
17442
17443
17447
17447
17448
17456
17461
17466
17467
17470
17472
17474
17475
17475
17481
17481
17481
17483
17484
17487
17489
17491
17498
17514
17516
17518
17520
17540
17541
17541
17541
17547
17550
17557
17561
17562
17563
17571
17579
17585
17587
17588
17592
17596
17598
17606
17609
17609
17614
17615
17629
17633
17640
17644
17648
17650
17656
17658
17661
17663
17664
17668
17668
17671
17672
17680
17682
17686
17686
17690
17691
17692
17695
17699
17699
17699
17700
17701
17703
17704
17705
17710
17713
17714
17714
17719
17720
17721
17729
17750
17758
17759
17769
17775
17779
17780
17780
17783
17787
17788
17788
17788
17793
17798
17799
17804
17805
17805
17809
17810
17816
17816
17820
17823
17827
17834
17840
17840
17854
17857
17858
17863
17864
17866
17867
17871
17871
17877
17879
17880
17881
17887
17888
17895
17895
17896
17901
17903
17903
17909
17910
17919
17920
17923
17937
17941
17945
17945
17946
17953
17959
17960
17962
17962
17962
17963
17969
17971
17978
17983
17984
17986
17987
17996
17998
18001
18003
18007
18013
18015
18016
18020
18021
18022
18022
18022
18023
18024
18030
18038
18039
18040
18043
18044
18045
18049
18053
18055
18056
18065
18067
18068
18080
18085
18090
18094
18095
18096
18107
18118
18127
18129
18142
18145
18146
18148
18149
18149
18156
18158
18163
18170
18171
18173
18174
18178
18178
18178
18181
18192
18193
18194
18194
18195
18198
18200
18200
18201
18212
18213
18215
18215
18219
18219
18220
18225
18230
18238
18239
18248
18249
18256
18262
18264
18266
18266
18274
18275
18279
18281
18281
18282
18286
18290
18292
18296
18297
18298
18300
18303
18305
18309
18321
18323
18331
18337
18339
18341
18346
18348
18351
18352
18354
18354
18360
18366
18367
18367
18374
18374
18374
18377
18377
18382
18383
18386
18387
18398
18399
18403
18403
18408
18411
18412
18412
18414
18418
18420
18420
18422
18425
18426
18429
18432
18434
18445
18450
18450
18453
18454
18460
18462
18465
18469
18471
18475
18475
18477
18478
18478
18479
18480
18480
18488
18503
18516
18522
18522
18524
18526
18527
18528
18534
18535
18542
18544
18549
18551
18555
18559
18562
18563
18566
18568
18572
18572
18578
18585
18593
18593
18596
18597
18597
18598
18599
18602
18606
18608
18609
18612
18613
18615
18624
18626
18628
18638
18641
18641
18642
18645
18647
18648
18649
18649
18654
18655
18657
18657
18660
18660
18663
18666
18668
18673
18673
18677
18680
18683
18683
18685
18689
18696
18697
18697
18697
18700
18702
18703
18703
18712
18722
18724
18727
18728
18732
18734
18739
18739
18743
18747
18752
18754
18757
18760
18764
18769
18771
18775
18777
18778
18778
18778
18783
18786
18789
18796
18796
18798
18807
18812
18815
18815
18829
18835
18837
18837
18838
18841
18851
18854
18855
18866
18867
18879
18882
18883
18892
18896
18899
18904
18907
18916
18917
18918
18922
18923
18924
18933
18940
18945
18949
18952
18952
18957
18958
18959
18964
18967
18968
18977
18983
18983
18984
18985
18989
18989
18990
18996
18997
19005
19006
19007
19008
19008
19010
19013
19013
19019
19023
19026
19028
19028
19029
19030
19035
19037
19045
19047
19049
19053
19057
19060
19064
19067
19075
19078
19078
19079
19079
19083
19085
19087
19088
19091
19103
19106
19107
19112
19114
19114
19115
19129
19135
19139
19141
19142
19143
19149
19153
19165
19175
19175
19177
19178
19181
19185
19190
19193
19194
19201
19205
19206
19207
19211
19212
19213
19214
19215
19219
19220
19223
19231
19231
19233
19235
19235
19235
19237
19237
19243
19246
19247
19247
19254
19260
19264
19268
19268
19271
19271
19273
19279
19282
19285
19286
19290
19294
19294
19295
19301
19304
19308
19309
19310
19313
19316
19320
19321
19323
19327
19331
19335
19343
19345
19350
19356
19368
19374
19375
19381
19385
19386
19398
19398
19405
19405
19407
19408
19415
19423
19428
19428
19431
19431
19437
19439
19442
19444
19445
19449
19456
19458
19460
19464
19465
19467
19472
19474
19486
19488
19493
19493
19495
19497
19499
19505
19508
19511
19511
19512
19520
19521
19529
19537
19545
19545
19545
19551
19552
19553
19560
19562
19565
19566
19574
19577
19577
19580
19581
19582
19584
19588
19597
19603
19606
19609
19610
19610
19611
19613
19618
19620
19622
19636
19638
19641
19643
19643
19644
19647
19647
19648
19652
19655
19659
19668
19669
19672
19672
19677
19678
19680
19683
19684
19686
19686
19687
19690
19694
19694
19698
19699
19706
19709
19710
19711
19711
19716
19717
19717
19719
19723
19725
19728
19729
19730
19732
19749
19751
19752
19752
19753
19758
19760
19762
19763
19765
19771
19771
19775
19778
19779
19781
19781
19782
19784
19785
19785
19787
19790
19792
19796
19798
19801
19810
19814
19819
19820
19822
19828
19842
19844
19852
19861
19863
19864
19865
19869
19871
19871
19880
19882
19887
19889
19910
19913
19915
19917
19917
19919
19920
19926
19928
19930
19931
19934
19934
19937
19940
19941
19942
19943
19943
19947
19954
19954
19955
19957
19957
19965
19967
19969
19970
19971
19974
19989
19989
19990
20004
20004
20008
20014
20015
20019
20024
20025
20026
20027
20028
20028
20036
20037
20038
20039
20042
20050
20051
20051
20053
20060
20065
20066
20069
20071
20074
20076
20077
20079
20080
20086
20086
20086
20086
20087
20099
20100
20106
20107
20111
20115
20124
20124
20125
20132
20141
20144
20145
20145
20147
20160
20165
20166
20166
20173
20181
20182
20184
20188
20191
20196
20198
20201
20203
20207
20208
20210
20220
20223
20223
20224
20226
20230
20234
20237
20239
20239
20241
20241
20251
20254
20255
20256
20256
20256
20270
20271
20277
20278
20281
20284
20285
20289
20294
20297
20298
20307
20310
20316
20322
20328
20332
20334
20336
20337
20339
20349
20349
20349
20361
20373
20386
20387
20388
20390
20391
20392
20393
20393
20400
20404
20405
20408
20409
20410
20410
20411
20414
20415
20417
20419
20424
20433
20436
20437
20437
20437
20439
20449
20456
20458
20462
20467
20469
20475
20481
20481
20486
20494
20496
20502
20514
20517
20525
20527
20534
20534
20534
20534
20535
20535
20537
20540
20542
20542
20544
20545
20545
20551
20551
20555
20562
20568
20572
20574
20577
20578
20603
20605
20610
20616
20617
20620
20620
20623
20623
20626
20628
20628
20630
20638
20642
20649
20653
20658
20667
20673
20673
20673
20674
20676
20679
20682
20683
20683
20684
20690
20690
20694
20694
20695
20695
20696
20697
20699
20705
20706
20706
20708
20709
20709
20712
20713
20715
20720
20729
20738
20739
20745
20747
20747
20758
20760
20760
20766
20767
20768
20775
20775
20775
20781
20790
20794
20795
20797
20799
20810
20812
20813
20816
20817
20823
20832
20840
20842
20850
20852
20859
20860
20863
20866
20869
20875
20877
20879
20881
20891
20895
20899
20902
20905
20907
20909
20910
20911
20918
20918
20921
20924
20926
20930
20933
20935
20936
20938
20948
20956
20959
20959
20961
20963
20968
20968
20977
20977
20980
20980
20984
20985
20991
20991
20994
20994
20999
21004
21006
21006
21007
21009
21016
21016
21020
21023
21023
21026
21026
21027
21029
21032
21034
21038
21038
21038
21041
21041
21044
21046
21055
21059
21059
21061
21065
21067
21067
21069
21069
21072
21073
21076
21078
21078
21078
21079
21083
21090
21091
21092
21093
21094
21095
21098
21105
21110
21110
21111
21114
21119
21120
21125
21125
21127
21127
21127
21129
21132
21132
21135
21138
21140
21140
21142
21146
21151
21158
21159
21162
21174
21175
21184
21185
21188
21188
21192
21197
21198
21202
21202
21208
21212
21212
21220
21224
21224
21231
21231
21232
21234
21235
21240
21240
21241
21245
21245
21247
21248
21254
21256
21257
21257
21259
21262
21265
21271
21274
21277
21280
21280
21281
21282
21287
21292
21294
21296
21296
21296
21298
21307
21310
21312
21323
21325
21327
21330
21337
21340
21342
21346
21351
21356
21357
21361
21365
21366
21369
21376
21378
21380
21382
21382
21389
21389
21391
21392
21393
21398
21401
21403
21423
21424
21427
21428
21431
21437
21437
21440
21443
21444
21445
21450
21450
21459
21459
21464
21469
21472
21476
21476
21479
21491
21495
21504
21507
21515
21516
21524
21526
21533
21537
21538
21538
21539
21542
21542
21550
21551
21559
21560
21561
21562
21563
21566
21568
21569
21583
21587
21593
21597
21598
21599
21606
21609
21609
21626
21627
21629
21632
21634
21642
21651
21655
21662
21663
21668
21672
21679
21679
21682
21687
21691
21699
21700
21700
21701
21706
21709
21713
21714
21718
21718
21718
21719
21729
21730
21733
21735
21745
21750
21752
21754
21756
21758
21759
21761
21762
21763
21763
21763
21764
21764
21765
21766
21767
21767
21769
21770
21774
21781
21781
21786
21791
21793
21794
21796
21797
21801
21801
21802
21803
21810
21818
21824
21827
21827
21832
21832
21832
21834
21839
21839
21842
21844
21845
21846
21847
21849
21850
21853
21870
21873
21878
21879
21880
21880
21888
21890
21890
21892
21893
21897
21898
21898
21900
21903
21906
21913
21914
21916
21920
21921
21924
21926
21926
21933
21933
21936
21943
21947
21948
21949
21950
21956
21962
21964
21964
21968
21970
21978
21982
21983
21984
21985
21988
21989
21995
21998
21998
22000
22009
22009
22021
22022
22030
22031
22037
22039
22042
22045
22048
22053
22055
22064
22074
22075
22076
22093
22093
22094
22115
22132
22134
22141
22147
22148
22162
22169
22171
22176
22177
22190
22192
22193
22195
22198
22200
22206
22207
22208
22208
22211
22214
22214
22215
22217
22219
22219
22221
22222
22223
22223
22229
22231
22232
22233
22234
22238
22244
22245
22246
22256
22268
22269
22275
22285
22291
22292
22294
22301
22303
22307
22313
22326
22337
22340
22345
22346
22346
22348
22349
22352
22359
22361
22369
22369
22371
22373
22374
22374
22376
22385
22389
22396
22400
22404
22406
22411
22412
22417
22419
22426
22428
22428
22431
22435
22436
22436
22439
22439
22443
22445
22447
22456
22459
22461
22461
22466
22467
22469
22469
22471
22479
22480
22480
22481
22482
22486
22486
22489
22489
22490
22495
22498
22502
22503
22504
22506
22510
22513
22514
22516
22518
22520
22526
22528
22530
22534
22534
22534
22537
22538
22538
22540
22545
22546
22546
22556
22557
22560
22561
22563
22564
22571
22571
22579
22582
22582
22585
22594
22595
22596
22600
22601
22601
22606
22610
22612
22613
22616
22617
22618
22625
22626
22630
22633
22636
22637
22639
22639
22647
22651
22651
22653
22653
22657
22661
22664
22670
22672
22673
22675
22679
22679
22685
22687
22687
22691
22693
22699
22702
22702
22703
22704
22708
22722
22722
22727
22735
22735
22739
22747
22753
22755
22758
22771
22772
22773
22778
22780
22782
22786
22790
22791
22793
22795
22796
22797
22799
22805
22811
22817
22818
22822
22822
22823
22829
22830
22831
22833
22833
22837
22838
22841
22843
22846
22851
22852
22862
22863
22869
22873
22885
22890
22893
22893
22899
22901
22902
22902
22904
22909
22910
22921
22928
22929
22933
22938
22943
22943
22947
22948
22950
22950
22952
22952
22954
22957
22958
22960
22965
22971
22973
22978
22981
22982
22984
22985
22997
23000
23003
23010
23015
23015
23019
23022
23024
23025
23027
23029
23030
23031
23034
23036
23036
23038
23039
23039
23040
23041
23042
23044
23052
23052
23069
23075
23077
23077
23078
23083
23089
23092
23097
23098
23101
23104
23110
23113
23114
23115
23116
23122
23123
23126
23126
23128
23141
23145
23150
23152
23154
23158
23159
23159
23165
23171
23173
23176
23181
23187
23193
23194
23195
23197
23198
23198
23198
23200
23206
23206
23207
23207
23209
23213
23213
23213
23214
23216
23217
23218
23222
23225
23226
23229
23229
23232
23237
23241
23243
23244
23245
23247
23251
23251
23259
23261
23261
23266
23266
23275
23280
23281
23284
23289
23290
23294
23295
23296
23297
23298
23301
23309
23311
23318
23324
23325
23327
23330
23331
23331
23334
23337
23340
23342
23346
23346
23351
23351
23352
23358
23359
23360
23360
23360
23361
23368
23380
23382
23383
23389
23390
23403
23404
23405
23411
23412
23416
23418
23420
23422
23426
23429
23434
23442
23445
23446
23448
23450
23451
23461
23467
23468
23469
23471
23471
23471
23474
23478
23488
23489
23492
23492
23495
23496
23499
23503
23504
23506
23511
23515
23517
23525
23527
23530
23532
23532
23536
23538
23540
23540
23544
23546
23548
23553
23554
23555
23562
23568
23568
23575
23579
23581
23582
23584
23584
23586
23588
23588
23593
23595
23597
23597
23601
23609
23614
23614
23615
23615
23616
23618
23619
23620
23621
23622
23623
23625
23625
23633
23633
23640
23640
23643
23644
23644
23647
23650
23660
23663
23663
23667
23668
23672
23672
23673
23673
23677
23677
23680
23682
23682
23685
23689
23690
23698
23703
23704
23709
23712
23724
23725
23727
23728
23732
23733
23733
23736
23740
23741
23742
23749
23753
23754
23756
23767
23771
23782
23787
23793
23794
23795
23796
23802
23804
23806
23807
23813
23814
23825
23829
23831
23831
23832
23832
23839
23856
23859
23861
23865
23867
23890
23893
23894
23901
23903
23905
23907
23909
23911
23912
23920
23926
23928
23930
23931
23936
23945
23949
23953
23961
23962
23962
23966
23970
23975
23977
23989
23990
23995
24003
24003
24007
24017
24018
24022
24026
24037
24040
24043
24048
24049
24053
24054
24054
24061
24062
24063
24063
24069
24072
24080
24083
24084
24087
24102
24104
24112
24113
24113
24115
24121
24128
24133
24134
24147
24148
24149
24154
24159
24166
24168
24171
24174
24176
24179
24186
24186
24187
24190
24190
24194
24194
24198
24199
24201
24205
24206
24206
24208
24212
24216
24222
24232
24234
24236
24240
24246
24252
24254
24255
24258
24261
24264
24266
24272
24275
24276
24281
24285
24288
24292
24294
24298
24310
24314
24321
24327
24327
24329
24332
24334
24337
24337
24338
24338
24343
24348
24349
24351
24355
24355
24365
24369
24370
24381
24383
24386
24387
24387
24394
24400
24400
24403
24410
24412
24419
24419
24420
24420
24424
24425
24427
24430
24431
24432
24434
24439
24444
24456
24456
24456
24457
24458
24458
24461
24465
24465
24471
24472
24474
24480
24485
24486
24497
24500
24503
24506
24509
24514
24529
24530
24533
24535
24537
24540
24541
24544
24545
24547
24548
24548
24548
24553
24553
24555
24556
24557
24566
24570
24574
24575
24579
24580
24581
24582
24592
24592
24593
24598
24598
24600
24601
24602
24603
24603
24603
24606
24606
24611
24614
24615
24617
24619
24623
24623
24627
24628
24633
24634
24647
24652
24653
24654
24655
24655
24657
24657
24664
24665
24675
24675
24679
24682
24690
24691
24693
24696
24702
24708
24709
24718
24728
24729
24730
24732
24732
24736
24739
24745
24745
24749
24754
24759
24759
24759
24765
24768
24768
24778
24784
24785
24786
24790
24797
24798
24798
24806
24808
24809
24816
24817
24819
24821
24827
24827
24834
24835
24839
24841
24842
24847
24848
24848
24855
24862
24863
24868
24869
24871
24873
24879
24880
24886
24893
24901
24902
24915
24917
24918
24921
24921
24923
24924
24925
24927
24929
24933
24935
24936
24937
24941
24946
24947
24949
24949
24949
24952
24954
24959
24964
24965
24965
24968
24970
24971
24972
24974
24975
24988
24989
24993
24995
24999
25001
25004
25005
25013
25014
25016
25017
25017
25022
25026
25028
25029
25034
25034
25035
25042
25043
25044
25046
25050
25051
25053
25058
25062
25066
25067
25072
25074
25076
25076
25079
25082
25082
25085
25091
25092
25096
25109
25122
25123
25125
25129
25130
25150
25150
25151
25154
25156
25157
25160
25161
25163
25163
25165
25169
25171
25172
25189
25193
25203
25207
25211
25213
25217
25231
25232
25235
25235
25237
25242
25247
25250
25254
25256
25256
25257
25257
25268
25275
25277
25282
25286
25292
25296
25297
25302
25307
25308
25311
25315
25320
25322
25326
25328
25333
25342
25342
25342
25344
25354
25362
25363
25366
25371
25371
25378
25385
25390
25392
25393
25394
25395
25399
25402
25403
25415
25415
25416
25416
25418
25420
25420
25420
25422
25433
25436
25442
25448
25448
25459
25464
25467
25469
25473
25480
25486
25487
25489
25491
25496
25498
25499
25501
25501
25504
25510
25511
25516
25518
25520
25525
25529
25531
25533
25537
25537
25542
25543
25546
25553
25555
25556
25558
25559
25560
25562
25565
25566
25575
25576
25577
25577
25581
25584
25590
25591
25592
25600
25602
25604
25604
25608
25609
25609
25612
25612
25614
25616
25618
25624
25625
25625
25626
25627
25629
25633
25634
25635
25638
25641
25645
25646
25647
25650
25655
25655
25656
25656
25658
25662
25665
25668
25682
25687
25694
25697
25698
25701
25702
25702
25704
25705
25710
25714
25717
25717
25725
25731
25732
25735
25735
25735
25737
25740
25741
25742
25746
25758
25760
25761
25765
25766
25770
25771
25772
25773
25773
25776
25782
25783
25795
25796
25806
25809
25810
25813
25815
25816
25816
25818
25822
25822
25824
25825
25825
25827
25830
25830
25835
25838
25838
25838
25852
25854
25854
25854
25855
25859
25865
25866
25867
25872
25873
25874
25877
25880
25881
25881
25882
25883
25888
25893
25898
25899
25906
25907
25910
25913
25917
25921
25925
25925
25929
25936
25938
25939
25943
25944
25945
25947
25950
25962
25965
25968
25972
25974
25975
25982
25993
25993
25994
25997
26003
26003
26008
26014
26018
26018
26019
26022
26026
26027
26034
26035
26039
26043
26044
26050
26057
26066
26066
26067
26071
26075
26079
26081
26081
26083
26090
26093
26094
26095
26100
26102
26106
26107
26118
26123
26129
26129
26133
26140
26140
26143
26143
26144
26148
26156
26157
26159
26161
26163
26164
26165
26169
26171
26184
26187
26190
26203
26206
26211
26214
26215
26220
26220
26220
26222
26226
26229
26233
26240
26243
26247
26253
26257
26259
26260
26266
26273
26276
26277
26280
26287
26290
26291
26295
26296
26300
26301
26302
26304
26306
26308
26310
26311
26311
26314
26315
26316
26322
26323
26325
26327
26330
26332
26334
26335
26335
26336
26338
26340
26345
26351
26354
26356
26361
26364
26365
26370
26374
26381
26385
26386
26386
26390
26390
26391
26394
26395
26396
26397
26399
26402
26405
26408
26410
26414
26417
26417
26424
26424
26425
26427
26429
26434
26434
26435
26441
26442
26443
26450
26461
26466
26480
26481
26483
26487
26489
26490
26492
26493
26509
26510
26521
26525
26526
26528
26530
26531
26533
26534
26534
26542
26544
26550
26555
26558
26566
26573
26575
26575
26581
26586
26586
26586
26591
26592
26603
26605
26606
26607
26609
26615
26626
26631
26632
26638
26644
26653
26659
26660
26667
26671
26673
26675
26677
26678
26683
26685
26695
26696
26697
26697
26697
26702
26706
26706
26707
26712
26714
26718
26720
26721
26725
26732
26734
26734
26734
26738
26739
26739
26740
26741
26758
26758
26759
26759
26763
26764
26776
26779
26785
26789
26807
26808
26810
26812
26812
26815
26818
26818
26820
26822
26822
26829
26830
26833
26833
26835
26841
26844
26850
26855
26856
26862
26864
26868
26869
26873
26874
26875
26880
26881
26886
26893
26894
26896
26897
26900
26902
26907
26907
26911
26912
26915
26916
26919
26919
26921
26927
26930
26938
26938
26940
26940
26942
26947
26956
26963
26963
26970
26970
26971
26980
26981
26982
26984
26990
26991
26997
26999
27001
27002
27003
27012
27013
27013
27026
27029
27032
27045
27054
27060
27066
27074
27077
27079
27079
27080
27083
27083
27084
27085
27094
27097
27107
27114
27116
27121
27133
27135
27139
27141
27142
27143
27144
27148
27149
27149
27150
27150
27150
27151
27152
27155
27156
27159
27160
27169
27174
27181
27185
27186
27186
27187
27193
27203
27215
27223
27224
27227
27236
27240
27240
27242
27244
27245
27249
27252
27253
27253
27256
27256
27262
27265
27266
27267
27271
27272
27273
27276
27277
27280
27285
27286
27288
27288
27291
27295
27298
27299
27301
27314
27322
27323
27324
27329
27332
27340
27343
27351
27352
27353
27354
27354
27363
27363
27371
27373
27375
27379
27387
27391
27400
27402
27409
27424
27432
27436
27436
27437
27442
27443
27446
27448
27449
27450
27450
27454
27455
27466
27474
27475
27475
27481
27491
27494
27495
27497
27502
27502
27504
27509
27513
27515
27516
27518
27529
27531
27537
27538
27539
27540
27550
27551
27554
27556
27568
27571
27572
27582
27590
27594
27594
27599
27601
27605
27612
27623
27623
27628
27635
27637
27639
27641
27641
27642
27648
27652
27653
27654
27655
27656
27663
27667
27668
27668
27669
27673
27678
27685
27688
27688
27690
27691
27692
27692
27694
27698
27699
27700
27700
27707
27722
27727
27736
27736
27737
27737
27738
27741
27748
27753
27757
27761
27763
27767
27773
27778
27792
27796
27802
27809
27809
27810
27813
27813
27822
27826
27830
27832
27833
27835
27835
27837
27837
27848
27848
27853
27855
27861
27869
27876
27883
27885
27889
27893
27902
27902
27905
27907
27919
27919
27925
27928
27931
27932
27937
27941
27942
27944
27944
27945
27955
27958
27962
27962
27962
27975
27978
27979
27980
27980
27983
27986
27997
27997
27999
28001
28002
28004
28011
28011
28012
28013
28014
28015
28016
28016
28021
28030
28036
28037
28039
28041
28046
28046
28051
28056
28056
28061
28063
28064
28066
28073
28073
28085
28086
28091
28095
28102
28106
28113
28125
28129
28130
28133
28136
28141
28147
28151
28152
28155
28156
28159
28163
28174
28180
28184
28187
28188
28190
28193
28196
28201
28201
28203
28204
28205
28208
28209
28210
28211
28211
28214
28214
28214
28217
28219
28223
28224
28227
28242
28245
28246
28248
28252
28261
28261
28262
28265
28267
28274
28274
28274
28278
28282
28290
28291
28294
28296
28297
28297
28298
28299
28299
28300
28301
28304
28308
28318
28318
28320
28322
28322
28331
28331
28332
28332
28335
28338
28340
28343
28343
28347
28350
28350
28354
28355
28355
28357
28363
28365
28365
28365
28371
28372
28374
28386
28388
28389
28389
28391
28395
28397
28405
28406
28407
28413
28415
28416
28425
28426
28426
28427
28431
28445
28447
28449
28453
28460
28462
28463
28463
28463
28465
28466
28467
28468
28469
28470
28470
28488
28489
28490
28495
28497
28498
28504
28510
28512
28514
28524
28526
28531
28534
28534
28539
28543
28546
28551
28553
28559
28563
28565
28566
28567
28570
28570
28584
28592
28593
28597
28599
28602
28602
28611
28613
28618
28620
28620
28621
28622
28623
28623
28627
28627
28628
28629
28630
28643
28648
28658
28661
28668
28670
28674
28682
28684
28684
28689
28690
28693
28694
28697
28703
28704
28712
28713
28714
28714
28715
28718
28720
28731
28731
28735
28743
28750
28755
28760
28762
28763
28765
28777
28777
28782
28783
28784
28795
28800
28802
28806
28825
28825
28836
28837
28842
28847
28848
28852
28867
28886
28886
28889
28890
28892
28895
28897
28897
28904
28905
28906
28906
28907
28907
28909
28910
28914
28916
28918
28923
28924
28926
28926
28927
28929
28932
28934
28934
28935
28935
28944
28947
28952
28954
28956
28958
28958
28960
28962
28963
28964
28966
28966
28966
28975
28976
28977
28977
28982
28983
28984
28988
28989
28990
28994
28994
28996
28998
29000
29004
29010
29012
29017
29023
29024
29025
29026
29032
29038
29038
29039
29042
29043
29051
29052
29055
29060
29064
29064
29066
29068
29077
29088
29094
29097
29098
29103
29104
29105
29108
29113
29114
29116
29120
29123
29124
29125
29128
29129
29133
29136
29140
29140
29141
29141
29141
29146
29148
29157
29158
29160
29161
29163
29167
29170
29182
29183
29184
29184
29200
29207
29207
29209
29210
29213
29213
29214
29217
29224
29230
29241
29244
29245
29245
29245
29247
29248
29253
29255
29263
29264
29265
29270
29271
29278
29285
29287
29290
29294
29305
29307
29310
29310
29315
29321
29333
29334
29335
29336
29336
29340
29346
29347
29352
29363
29366
29372
29375
29379
29384
29385
29386
29388
29390
29391
29392
29393
29393
29395
29396
29399
29404
29407
29407
29409
29410
29412
29415
29426
29431
29431
29432
29435
29446
29449
29449
29449
29454
29454
29461
29461
29462
29462
29466
29467
29471
29473
29473
29478
29484
29484
29497
29500
29500
29507
29508
29508
29510
29512
29526
29528
29541
29542
29544
29547
29548
29549
29554
29564
29564
29571
29571
29577
29590
29592
29592
29595
29596
29598
29599
29600
29606
29608
29610
29610
29621
29625
29627
29630
29632
29632
29637
29641
29650
29655
29660
29670
29675
29675
29676
29681
29682
29690
29691
29692
29694
29700
29702
29706
29708
29710
29715
29721
29728
29729
29730
29737
29737
29739
29739
29741
29742
29742
29743
29744
29750
29756
29761
29763
29774
29786
29788
29789
29790
29793
29803
29803
29803
29806
29807
29809
29811
29822
29823
29826
29827
29831
29837
29840
29841
29841
29842
29843
29845
29845
29846
29852
29854
29856
29857
29865
29866
29869
29870
29874
29878
29881
29882
29901
29907
29917
29920
29923
29927
29930
29930
29933
29935
29937
29940
29941
29943
29944
29948
29951
29954
29956
29958
29959
29965
29977
29980
29985
29987
29988
29999
30005
30008
30012
30014
30029
30039
30039
30041
30041
30043
30047
30053
30054
30059
30063
30079
30080
30088
30090
30099
30102
30116
30130
30131
30133
30136
30139
30158
30163
30166
30170
30173
30178
30179
30185
30185
30189
30193
30199
30201
30211
30213
30215
30216
30220
30222
30228
30229
30230
30233
30233
30234
30235
30235
30236
30236
30236
30239
30240
30244
30251
30259
30264
30265
30266
30266
30266
30275
30277
30281
30285
30291
30296
30299
30299
30326
30327
30336
30342
30347
30354
30363
30365
30369
30370
30371
30374
30378
30385
30389
30400
30413
30414
30417
30419
30428
30439
30448
30452
30455
30462
30465
30466
30470
30472
30472
30473
30476
30476
30479
30481
30481
30488
30495
30502
30503
30507
30507
30508
30509
30511
30518
30525
30532
30533
30538
30539
30543
30543
30549
30552
30556
30557
30560
30562
30565
30569
30569
30573
30580
30582
30583
30584
30586
30590
30592
30595
30596
30600
30601
30614
30614
30614
30624
30627
30634
30638
30638
30639
30640
30642
30651
30656
30665
30668
30673
30690
30691
30703
30713
30721
30723
30725
30732
30732
30738
30747
30763
30768
30770
30777
30787
30791
30792
30792
30799
30801
30803
30813
30821
30825
30825
30830
30831
30832
30839
30841
30844
30845
30846
30850
30850
30856
30860
30867
30869
30869
30873
30879
30879
30881
30883
30883
30884
30886
30887
30888
30891
30896
30897
30898
30905
30909
30918
30922
30922
30936
30945
30965
30966
30971
30974
30977
30977
30982
30982
30984
30987
30990
30992
30992
30998
30998
31002
31007
31007
31008
31012
31015
31021
31025
31031
31032
31034
31038
31045
31049
31051
31059
31074
31090
31093
31099
31102
31110
31113
31123
31124
31128
31130
31133
31148
31148
31149
31151
31153
31158
31159
31161
31161
31161
31176
31178
31181
31184
31185
31189
31195
31202
31204
31214
31215
31216
31216
31221
31223
31227
31227
31227
31228
31228
31229
31231
31249
31250
31256
31258
31258
31264
31264
31273
31273
31277
31279
31284
31287
31288
31288
31288
31291
31292
31295
31302
31305
31306
31307
31309
31310
31314
31319
31326
31328
31330
31333
31337
31337
31339
31343
31344
31346
31350
31354
31363
31365
31367
31368
31372
31372
31378
31379
31380
31382
31390
31394
31395
31398
31401
31401
31404
31407
31410
31414
31415
31424
31424
31427
31428
31430
31431
31435
31436
31437
31438
31439
31440
31448
31448
31453
31457
31457
31458
31459
31464
31465
31468
31473
31476
31477
31485
31488
31496
31500
31502
31506
31506
31509
31509
31509
31509
31513
31514
31520
31521
31524
31528
31529
31534
31536
31539
31545
31547
31553
31554
31562
31564
31568
31570
31570
31573
31576
31576
31577
31577
31579
31581
31584
31586
31588
31588
31592
31597
31601
31604
31607
31611
31614
31617
31617
31620
31626
31630
31630
31631
31633
31637
31639
31645
31647
31654
31655
31663
31667
31668
31675
31678
31680
31680
31684
31684
31687
31690
31693
31699
31701
31702
31706
31707
31711
31714
31715
31716
31720
31722
31722
31730
31733
31734
31740
31749
31751
31752
31758
31766
31771
31781
31784
31787
31793
31793
31807
31807
31807
31812
31817
31822
31822
31824
31828
31829
31835
31844
31845
31853
31853
31859
31873
31878
31879
31880
31889
31890
31896
31898
31898
31901
31903
31905
31907
31907
31914
31915
31921
31927
31931
31943
31956
31960
31963
31970
31970
31970
31985
31991
32006
32010
32011
32012
32017
32022
32027
32027
32029
32039
32043
32048
32050
32052
32056
32061
32062
32066
32067
32069
32071
32071
32076
32080
32080
32085
32090
32092
32103
32105
32112
32114
32117
32119
32120
32126
32127
32132
32136
32138
32140
32142
32146
32149
32154
32155
32156
32158
32160
32165
32166
32167
32169
32176
32178
32178
32185
32185
32185
32188
32191
32194
32200
32200
32202
32204
32204
32206
32208
32210
32212
32215
32217
32220
32220
32221
32222
32223
32224
32224
32228
32230
32231
32251
32257
32259
32260
32261
32267
32270
32270
32272
32272
32277
32278
32280
32283
32284
32284
32291
32294
32307
32333
32336
32339
32342
32342
32344
32348
32349
32360
32363
32365
32373
32374
32375
32378
32378
32380
32390
32391
32401
32401
32418
32420
32422
32425
32425
32427
32429
32431
32436
32436
32438
32439
32440
32441
32442
32442
32444
32445
32446
32447
32448
32449
32458
32463
32470
32470
32473
32489
32492
32500
32502
32505
32506
32510
32511
32517
32519
32523
32528
32530
32530
32533
32535
32535
32536
32537
32541
32547
32547
32548
32550
32558
32560
32564
32567
32569
32570
32578
32580
32581
32582
32593
32595
32595
32599
32611
32612
32612
32613
32616
32617
32619
32619
32621
32621
32622
32624
32624
32627
32631
32636
32636
32637
32639
32641
32646
32649
32650
32655
32663
32663
32663
32666
32675
32675
32677
32677
32678
32681
32681
32683
32684
32686
32695
32698
32699
32700
32705
32705
32706
32712
32721
32723
32724
32724
32725
32733
32735
32737
32742
32742
32752
32763
32765
